Episode Begin-----
Airplane Tail: NYEENP
Dataload Target: QBH-26
Software Part Number: AW97T-08ZFK-GD2CO
Dataload protocol: TCP
Features: ['F2', 'F1', 'E1']
Episode Start Date: 2022-10-13T00:41:58
Episode End-----
Episode Begin-----
Airplane Tail: NYEENP
Dataload Target: QZW-95
Software Part Number: AW97T-08ZFK-GD2CO
Dataload protocol: AFDX
Features: ['E1']
Episode Start Date: 2022-10-13T00:43:43
Episode End-----
Episode Begin-----
Airplane Tail: NYEENP
Dataload Target: DZB-88
Software Part Number: PCYJ6-I4X2Q-1KIDU
Dataload protocol: TCP
Features: ['S2', 'F10', 'E1']
Episode Start Date: 2022-10-13T00:45:26
Episode End-----
Episode Begin-----
Airplane Tail: NNGLPO
Dataload Target: DZB-88
Software Part Number: 98JZI-Z991E-0W9RZ
Dataload protocol: AFDX
Features: ['S2', 'F10', 'E1']
Episode Start Date: 2022-11-04T03:49:58
Episode End-----
Episode Begin-----
Airplane Tail: NNGLPO
Features: ['F10', 'E4']
Episode Start Date: 2022-11-04T04:10:54
Episode End-----
Episode Begin-----
Airplane Tail: NNGLPO
Features: ['F10', 'E4']
Episode Start Date: 2022-11-04T04:38:21
Episode End-----
Episode Begin-----
Airplane Tail: NNGLPO
Dataload Target: FNQ-26
Software Part Number: TJTNT-27SRC-7RK6I
Dataload protocol: AFDX
Features: ['S2', 'F10', 'E1']
Episode Start Date: 2022-11-13T06:57:22
Episode End-----
Episode Begin-----
Airplane Tail: NNGLPO
Dataload Target: DZB-88
Software Part Number: Z9VCN-AEY0Y-CNQQU
Dataload protocol: TCP
Features: ['S2', 'F10', 'E1']
Episode Start Date: 2022-11-30T05:35:05
Episode End-----
Episode Begin-----
Airplane Tail: NNGLPO
Dataload Target: CTI-62
Software Part Number: NEJ1Z-2DNXU-78DWO
Dataload protocol: UDP
Features: ['F10', 'S2', 'S2', 'F10', 'S1', 'F7', 'E1']
Episode Start Date: 2022-11-30T05:50:50
Episode End-----
Episode Begin-----
Airplane Tail: NNGLPO
Dataload Target: DZB-88
Software Part Number: R1G39-FDI3H-VD6HW
Dataload protocol: UDP
Features: ['S2', 'F10', 'E1']
Episode Start Date: 2022-12-30T07:15:49
Episode End-----
Episode Begin-----
Airplane Tail: NNGLPO
Features: ['F10', 'S2', 'E4']
Episode Start Date: 2022-12-30T07:31:47
Episode End-----
Episode Begin-----
Airplane Tail: NNGLPO
Dataload Target: XHU-88
Software Part Number: DSWD1-FLOS7-SV7OT
Dataload protocol: TCP
Features: ['S2', 'F10', 'E1']
Episode Start Date: 2022-12-30T10:45:48
Episode End-----
Episode Begin-----
Airplane Tail: NNGLPO
Dataload Target: QBH-26
Software Part Number: TN554-7N2FG-X1YX6
Dataload protocol: UDP
Features: ['S2', 'F10', 'F10', 'F2', 'F1', 'E1']
Episode Start Date: 2022-01-20T05:11:24
Episode End-----
Episode Begin-----
Airplane Tail: NNGLPO
Dataload Target: QZW-95
Software Part Number: TN554-7N2FG-X1YX6
Dataload protocol: TCP
Features: ['S2', 'S2', 'S2', 'F10', 'F10', 'E1']
Episode Start Date: 2022-01-20T05:15:38
Episode End-----
Episode Begin-----
Airplane Tail: NNGLPO
Dataload Target: JYM-71
Software Part Number: 7ZSSL-8FRI8-O9R6A
Dataload protocol: TCP
Features: ['S2', 'F10', 'E2']
Episode Start Date: 2022-01-31T03:59:21
Episode End-----
Episode Begin-----
Airplane Tail: NNGLPO
Dataload Target: JYM-71
Software Part Number: 7ZSSL-8FRI8-O9R6A
Dataload protocol: UDP
Features: ['F10', 'E2']
Episode Start Date: 2022-01-31T04:00:58
Episode End-----
Episode Begin-----
Airplane Tail: NNGLPO
Dataload Target: JYM-71
Software Part Number: 7ZSSL-8FRI8-O9R6A
Dataload protocol: UDP
Features: ['F10', 'E1']
Episode Start Date: 2022-01-31T04:01:37
Episode End-----
Episode Begin-----
Airplane Tail: NNGLPO
Dataload Target: DZB-88
Software Part Number: CCO9Q-HK1YQ-VRMHY
Dataload protocol: TCP
Features: ['F10', 'S2', 'S2', 'F10', 'E1']
Episode Start Date: 2022-01-31T04:02:52
Episode End-----
Episode Begin-----
Airplane Tail: NNGLPO
Dataload Target: CYP-01
Software Part Number: FR361-IQC8I-X45Z8
Dataload protocol: UDP
Features: ['F10', 'F10', 'S2', 'S2', 'F10', 'E1']
Episode Start Date: 2022-01-31T04:20:07
Episode End-----
Episode Begin-----
Airplane Tail: NNGLPO
Dataload Target: CYP-01
Software Part Number: X79C3-31AJN-WCYC5
Dataload protocol: AFDX
Features: ['F10', 'F10', 'S2', 'F10', 'E1']
Episode Start Date: 2022-01-31T04:23:38
Episode End-----
Episode Begin-----
Airplane Tail: NNGLPO
Dataload Target: CYP-01
Software Part Number: TQ714-D0L0D-IS3JV
Dataload protocol: AFDX
Features: ['S2', 'F10', 'E1']
Episode Start Date: 2022-01-31T04:25:47
Episode End-----
Episode Begin-----
Airplane Tail: NNGLPO
Dataload Target: CYP-01
Software Part Number: Q97Q0-98KL9-KCNIX
Dataload protocol: TCP
Features: ['F10', 'S2', 'F10', 'E1']
Episode Start Date: 2022-01-31T04:28:35
Episode End-----
Episode Begin-----
Airplane Tail: NNGLPO
Dataload Target: CYP-01
Software Part Number: 0BQIO-SFP7L-LA6M8
Dataload protocol: TCP
Features: ['F10', 'F10', 'S2', 'F10', 'E1']
Episode Start Date: 2022-01-31T04:30:18
Episode End-----
Episode Begin-----
Airplane Tail: NNGLPO
Dataload Target: CYP-01
Software Part Number: 762RU-BXP3L-H5W46
Dataload protocol: UDP
Features: ['F10', 'S2', 'F10', 'E1']
Episode Start Date: 2022-01-31T04:31:49
Episode End-----
Episode Begin-----
Airplane Tail: NNGLPO
Dataload Target: DZB-88
Software Part Number: B1HOQ-99Z23-O0WT3
Dataload protocol: UDP
Features: ['S2', 'F10', 'E1']
Episode Start Date: 2022-02-21T03:04:13
Episode End-----
Episode Begin-----
Airplane Tail: NHLRUL
Dataload Target: DZB-88
Software Part Number: EOVUB-F7AGR-83OOQ
Dataload protocol: UDP
Features: ['S2', 'F10', 'E1']
Episode Start Date: 2022-10-08T07:00:51
Episode End-----
Episode Begin-----
Airplane Tail: NHLRUL
Dataload Target: SKM-10
Software Part Number: EOVUB-F7AGR-83OOQ
Dataload protocol: UDP
Features: ['F10', 'F10', 'S2', 'S2', 'F10', 'E1']
Episode Start Date: 2022-10-08T07:13:25
Episode End-----
Episode Begin-----
Airplane Tail: NHLRUL
Features: ['F10', 'S2', 'E4']
Episode Start Date: 2022-10-08T07:25:09
Episode End-----
Episode Begin-----
Airplane Tail: NHLRUL
Features: ['S2', 'S2', 'E4']
Episode Start Date: 2022-10-17T04:38:34
Episode End-----
Episode Begin-----
Airplane Tail: NHLRUL
Dataload Target: TLD-80
Software Part Number: C0FW5-A5J0W-FY7QK
Dataload protocol: UDP
Features: ['S2', 'F10', 'E2']
Episode Start Date: 2022-10-17T09:25:28
Episode End-----
Episode Begin-----
Airplane Tail: NHLRUL
Features: ['F10', 'S2', 'S2', 'S2', 'F10', 'E4']
Episode Start Date: 2022-10-17T09:26:31
Episode End-----
Episode Begin-----
Airplane Tail: NHLRUL
Dataload Target: TLD-80
Software Part Number: C0FW5-A5J0W-FY7QK
Dataload protocol: TCP
Features: ['E1']
Episode Start Date: 2022-10-17T09:42:24
Episode End-----
Episode Begin-----
Airplane Tail: NHLRUL
Features: ['S2', 'E4']
Episode Start Date: 2022-11-01T14:50:41
Episode End-----
Episode Begin-----
Airplane Tail: NHLRUL
Dataload Target: DZB-88
Software Part Number: 98JZI-Z991E-0W9RZ
Dataload protocol: AFDX
Features: ['S2', 'F10', 'E1']
Episode Start Date: 2022-11-03T03:58:16
Episode End-----
Episode Begin-----
Airplane Tail: NHLRUL
Dataload Target: FNQ-26
Software Part Number: TJTNT-27SRC-7RK6I
Dataload protocol: AFDX
Features: ['S2', 'S2', 'F10', 'E1']
Episode Start Date: 2022-11-15T05:54:22
Episode End-----
Episode Begin-----
Airplane Tail: NHLRUL
Dataload Target: MRQ-36
Software Part Number: YWOBC-IE1BW-ZBTW6
Dataload protocol: UDP
Features: ['S2', 'F10', 'F4', 'F4', 'F3', 'F3', 'E1']
Episode Start Date: 2022-11-25T08:06:25
Episode End-----
Episode Begin-----
Airplane Tail: NHLRUL
Dataload Target: MRQ-36
Software Part Number: 88DIS-SYFA0-HWA26
Dataload protocol: UDP
Features: ['S2', 'F10', 'F4', 'F4', 'F3', 'F3', 'E1']
Episode Start Date: 2022-11-25T08:08:28
Episode End-----
Episode Begin-----
Airplane Tail: NHLRUL
Dataload Target: GDQ-20
Software Part Number: YWOBC-IE1BW-ZBTW6
Dataload protocol: UDP
Features: ['S2', 'F10', 'F4', 'F4', 'F3', 'F3', 'E1']
Episode Start Date: 2022-11-25T08:09:18
Episode End-----
Episode Begin-----
Airplane Tail: NHLRUL
Dataload Target: GDQ-20
Software Part Number: 88DIS-SYFA0-HWA26
Dataload protocol: TCP
Features: ['S2', 'F10', 'F4', 'F4', 'F3', 'F3', 'E1']
Episode Start Date: 2022-11-25T08:10:45
Episode End-----
Episode Begin-----
Airplane Tail: NHLRUL
Features: ['S2', 'E4']
Episode Start Date: 2022-11-25T08:15:12
Episode End-----
Episode Begin-----
Airplane Tail: NHLRUL
Dataload Target: DZB-88
Software Part Number: Z9VCN-AEY0Y-CNQQU
Dataload protocol: UDP
Features: ['S2', 'F10', 'E1']
Episode Start Date: 2022-12-04T07:45:35
Episode End-----
Episode Begin-----
Airplane Tail: NHLRUL
Features: ['F10', 'S2', 'E4']
Episode Start Date: 2022-12-04T08:01:45
Episode End-----
Episode Begin-----
Airplane Tail: NHLRUL
Dataload Target: CTI-62
Software Part Number: NEJ1Z-2DNXU-78DWO
Dataload protocol: UDP
Features: ['S2', 'F10', 'S1', 'F7', 'E1']
Episode Start Date: 2022-12-04T11:03:25
Episode End-----
Episode Begin-----
Airplane Tail: NHLRUL
Dataload Target: JYM-71
Software Part Number: LNLKA-L6QA2-D9SGK
Dataload protocol: AFDX
Features: ['S2', 'F10', 'E1']
Episode Start Date: 2022-12-04T11:40:11
Episode End-----
Episode Begin-----
Airplane Tail: NHLRUL
Dataload Target: JYM-71
Software Part Number: 0DH9P-INONW-83IQY
Dataload protocol: UDP
Features: ['S2', 'F10', 'E1']
Episode Start Date: 2022-12-04T11:42:59
Episode End-----
Episode Begin-----
Airplane Tail: NHLRUL
Dataload Target: JYM-71
Software Part Number: 03C0K-E2FOQ-TQ72J
Dataload protocol: UDP
Features: ['S2', 'F10', 'E1']
Episode Start Date: 2022-12-04T11:43:45
Episode End-----
Episode Begin-----
Airplane Tail: NHLRUL
Dataload Target: CYP-01
Software Part Number: ZGLJN-M5BGD-MHIQX
Dataload protocol: UDP
Features: ['F10', 'S2', 'S2', 'F10', 'F9', 'E2']
Episode Start Date: 2022-12-04T11:44:29
Episode End-----
Episode Begin-----
Airplane Tail: NHLRUL
Dataload Target: CYP-01
Software Part Number: ZGLJN-M5BGD-MHIQX
Dataload protocol: AFDX
Features: ['F10', 'F9', 'E2']
Episode Start Date: 2022-12-04T11:47:34
Episode End-----
Episode Begin-----
Airplane Tail: NHLRUL
Dataload Target: CYP-01
Software Part Number: ZGLJN-M5BGD-MHIQX
Dataload protocol: TCP
Features: ['F10', 'F9', 'E2']
Episode Start Date: 2022-12-04T11:49:48
Episode End-----
Episode Begin-----
Airplane Tail: NHLRUL
Dataload Target: CYP-01
Software Part Number: N9UW4-I9V7P-KVEH1
Dataload protocol: AFDX
Features: ['F10', 'S2', 'F10', 'F10', 'E1']
Episode Start Date: 2022-12-04T11:55:51
Episode End-----
Episode Begin-----
Airplane Tail: NHLRUL
Dataload Target: CYP-01
Software Part Number: ZGLJN-M5BGD-MHIQX
Dataload protocol: UDP
Features: ['S2', 'F10', 'E1']
Episode Start Date: 2022-12-04T11:57:39
Episode End-----
Episode Begin-----
Airplane Tail: NHLRUL
Dataload Target: CYP-01
Software Part Number: NI192-E5X2R-UC2D6
Dataload protocol: UDP
Features: ['S2', 'F10', 'E1']
Episode Start Date: 2022-12-04T11:58:36
Episode End-----
Episode Begin-----
Airplane Tail: NHLRUL
Dataload Target: CYP-01
Software Part Number: Q97Q0-98KL9-KCNIX
Dataload protocol: UDP
Features: ['S2', 'F10', 'E1']
Episode Start Date: 2022-12-04T11:59:21
Episode End-----
Episode Begin-----
Airplane Tail: NHLRUL
Dataload Target: CYP-01
Software Part Number: VPRKH-WUKIU-W687M
Dataload protocol: AFDX
Features: ['S2', 'F10', 'E1']
Episode Start Date: 2022-12-04T12:00:05
Episode End-----
Episode Begin-----
Airplane Tail: NHLRUL
Dataload Target: CYP-01
Software Part Number: HDQII-R0O4O-IAWVE
Dataload protocol: TCP
Features: ['S2', 'F10', 'F10', 'E1']
Episode Start Date: 2022-12-04T12:00:57
Episode End-----
Episode Begin-----
Airplane Tail: NHLRUL
Features: ['F10', 'S2', 'E4']
Episode Start Date: 2022-12-04T12:01:19
Episode End-----
Episode Begin-----
Airplane Tail: NHLRUL
Dataload Target: DZB-88
Software Part Number: R1G39-FDI3H-VD6HW
Dataload protocol: AFDX
Features: ['S2', 'F10', 'E1']
Episode Start Date: 2022-12-27T07:15:49
Episode End-----
Episode Begin-----
Airplane Tail: NHLRUL
Dataload Target: JYM-71
Software Part Number: 7ZSSL-8FRI8-O9R6A
Dataload protocol: TCP
Features: ['S2', 'F10', 'E1']
Episode Start Date: 2022-01-14T04:16:32
Episode End-----
Episode Begin-----
Airplane Tail: NHLRUL
Dataload Target: CYP-01
Software Part Number: FR361-IQC8I-X45Z8
Dataload protocol: UDP
Features: ['S2', 'F10', 'E1']
Episode Start Date: 2022-01-14T04:21:44
Episode End-----
Episode Begin-----
Airplane Tail: NHLRUL
Dataload Target: CYP-01
Software Part Number: X79C3-31AJN-WCYC5
Dataload protocol: UDP
Features: ['S2', 'F10', 'E1']
Episode Start Date: 2022-01-14T04:26:11
Episode End-----
Episode Begin-----
Airplane Tail: NHLRUL
Dataload Target: CYP-01
Software Part Number: TQ714-D0L0D-IS3JV
Dataload protocol: UDP
Features: ['S2', 'F10', 'E1']
Episode Start Date: 2022-01-14T04:28:23
Episode End-----
Episode Begin-----
Airplane Tail: NHLRUL
Dataload Target: CYP-01
Software Part Number: Q97Q0-98KL9-KCNIX
Dataload protocol: AFDX
Features: ['S2', 'F10', 'E1']
Episode Start Date: 2022-01-14T04:31:18
Episode End-----
Episode Begin-----
Airplane Tail: NHLRUL
Dataload Target: CYP-01
Software Part Number: 0BQIO-SFP7L-LA6M8
Dataload protocol: AFDX
Features: ['S2', 'F10', 'E1']
Episode Start Date: 2022-01-14T04:33:35
Episode End-----
Episode Begin-----
Airplane Tail: NHLRUL
Dataload Target: CYP-01
Software Part Number: 762RU-BXP3L-H5W46
Dataload protocol: TCP
Features: ['S2', 'F10', 'F10', 'E1']
Episode Start Date: 2022-01-14T04:35:44
Episode End-----
Episode Begin-----
Airplane Tail: NHLRUL
Dataload Target: CYP-01
Software Part Number: FR361-IQC8I-X45Z8
Dataload protocol: TCP
Features: ['F10', 'S2', 'F10', 'E1']
Episode Start Date: 2022-01-14T04:38:03
Episode End-----
Episode Begin-----
Airplane Tail: NHLRUL
Dataload Target: CYP-01
Software Part Number: X79C3-31AJN-WCYC5
Dataload protocol: TCP
Features: ['S2', 'F10', 'E2']
Episode Start Date: 2022-01-14T04:44:45
Episode End-----
Episode Begin-----
Airplane Tail: NHLRUL
Dataload Target: CYP-01
Software Part Number: X79C3-31AJN-WCYC5
Dataload protocol: TCP
Features: ['S2', 'F10', 'E1']
Episode Start Date: 2022-01-14T04:45:55
Episode End-----
Episode Begin-----
Airplane Tail: NHLRUL
Dataload Target: CYP-01
Software Part Number: TQ714-D0L0D-IS3JV
Dataload protocol: TCP
Features: ['S2', 'F10', 'E2']
Episode Start Date: 2022-01-14T04:47:22
Episode End-----
Episode Begin-----
Airplane Tail: NHLRUL
Dataload Target: CYP-01
Software Part Number: TQ714-D0L0D-IS3JV
Dataload protocol: AFDX
Features: ['F10', 'E1']
Episode Start Date: 2022-01-14T04:48:23
Episode End-----
Episode Begin-----
Airplane Tail: NHLRUL
Dataload Target: CYP-01
Software Part Number: Q97Q0-98KL9-KCNIX
Dataload protocol: TCP
Features: ['S2', 'F10', 'E2']
Episode Start Date: 2022-01-14T04:49:34
Episode End-----
Episode Begin-----
Airplane Tail: NHLRUL
Dataload Target: CYP-01
Software Part Number: Q97Q0-98KL9-KCNIX
Dataload protocol: UDP
Features: ['F10', 'E1']
Episode Start Date: 2022-01-14T04:50:27
Episode End-----
Episode Begin-----
Airplane Tail: NHLRUL
Dataload Target: CYP-01
Software Part Number: 0BQIO-SFP7L-LA6M8
Dataload protocol: UDP
Features: ['S2', 'F10', 'F10', 'F10', 'E1']
Episode Start Date: 2022-01-14T04:51:41
Episode End-----
Episode Begin-----
Airplane Tail: NHLRUL
Dataload Target: CYP-01
Software Part Number: 762RU-BXP3L-H5W46
Dataload protocol: AFDX
Features: ['S2', 'F10', 'E2']
Episode Start Date: 2022-01-14T04:53:18
Episode End-----
Episode Begin-----
Airplane Tail: NHLRUL
Dataload Target: CYP-01
Software Part Number: 762RU-BXP3L-H5W46
Dataload protocol: UDP
Features: ['F10', 'E1']
Episode Start Date: 2022-01-14T04:54:13
Episode End-----
Episode Begin-----
Airplane Tail: NHLRUL
Features: ['S2', 'S2', 'E4']
Episode Start Date: 2022-01-21T07:00:07
Episode End-----
Episode Begin-----
Airplane Tail: NHLRUL
Dataload Target: QBH-26
Software Part Number: TN554-7N2FG-X1YX6
Dataload protocol: AFDX
Features: ['S2', 'F10', 'F10', 'F10', 'F2', 'F1', 'E1']
Episode Start Date: 2022-01-30T07:30:32
Episode End-----
Episode Begin-----
Airplane Tail: NHLRUL
Dataload Target: QZW-95
Software Part Number: TN554-7N2FG-X1YX6
Dataload protocol: UDP
Features: ['S2', 'F10', 'F10', 'E1']
Episode Start Date: 2022-01-30T07:33:10
Episode End-----
Episode Begin-----
Airplane Tail: NHLRUL
Dataload Target: DZB-88
Software Part Number: B1HOQ-99Z23-O0WT3
Dataload protocol: TCP
Features: ['S2', 'F10', 'E1']
Episode Start Date: 2022-02-24T05:04:33
Episode End-----
Episode Begin-----
Airplane Tail: NHLRUL
Features: ['F10', 'S2', 'E4']
Episode Start Date: 2022-02-24T05:16:58
Episode End-----
Episode Begin-----
Airplane Tail: NYKTDU
Dataload Target: DZB-88
Software Part Number: EOVUB-F7AGR-83OOQ
Dataload protocol: UDP
Features: ['S2', 'F10', 'E1']
Episode Start Date: 2022-10-05T04:39:43
Episode End-----
Episode Begin-----
Airplane Tail: NYKTDU
Features: ['S2', 'F10', 'S2', 'S2', 'S2', 'F10', 'E4']
Episode Start Date: 2022-10-22T05:24:59
Episode End-----
Episode Begin-----
Airplane Tail: NYKTDU
Dataload Target: TLD-80
Software Part Number: C0FW5-A5J0W-FY7QK
Dataload protocol: AFDX
Features: ['E1']
Episode Start Date: 2022-10-22T05:40:12
Episode End-----
Episode Begin-----
Airplane Tail: NYKTDU
Features: ['S2', 'E4']
Episode Start Date: 2022-10-28T11:03:34
Episode End-----
Episode Begin-----
Airplane Tail: NYKTDU
Dataload Target: DZB-88
Software Part Number: 98JZI-Z991E-0W9RZ
Dataload protocol: AFDX
Features: ['S2', 'F10', 'E1']
Episode Start Date: 2022-11-08T08:06:34
Episode End-----
Episode Begin-----
Airplane Tail: NYKTDU
Features: ['F10', 'F10', 'E4']
Episode Start Date: 2022-11-08T08:18:50
Episode End-----
Episode Begin-----
Airplane Tail: NYKTDU
Dataload Target: FNQ-26
Software Part Number: TJTNT-27SRC-7RK6I
Dataload protocol: UDP
Features: ['S2', 'F10', 'E1']
Episode Start Date: 2022-11-12T07:11:27
Episode End-----
Episode Begin-----
Airplane Tail: NYKTDU
Features: ['F10', 'S2', 'S2', 'E4']
Episode Start Date: 2022-11-12T07:26:49
Episode End-----
Episode Begin-----
Airplane Tail: NYKTDU
Dataload Target: CTI-62
Software Part Number: NEJ1Z-2DNXU-78DWO
Dataload protocol: TCP
Features: ['S2', 'S2', 'F10', 'S1', 'F7', 'E1']
Episode Start Date: 2022-11-28T04:21:50
Episode End-----
Episode Begin-----
Airplane Tail: NYKTDU
Dataload Target: CTI-62
Software Part Number: NEJ1Z-2DNXU-78DWO
Dataload protocol: UDP
Features: ['S2', 'F10', 'S1', 'F7', 'E1']
Episode Start Date: 2022-11-28T04:39:56
Episode End-----
Episode Begin-----
Airplane Tail: NYKTDU
Dataload Target: CTI-62
Software Part Number: NEJ1Z-2DNXU-78DWO
Dataload protocol: UDP
Features: ['S2', 'F10', 'S1', 'F7', 'E1']
Episode Start Date: 2022-11-28T04:46:28
Episode End-----
Episode Begin-----
Airplane Tail: NYKTDU
Dataload Target: CTI-62
Software Part Number: NEJ1Z-2DNXU-78DWO
Dataload protocol: UDP
Features: ['S2', 'F10', 'S1', 'F7', 'E1']
Episode Start Date: 2022-11-28T04:59:18
Episode End-----
Episode Begin-----
Airplane Tail: NYKTDU
Dataload Target: CTI-62
Software Part Number: NEJ1Z-2DNXU-78DWO
Dataload protocol: AFDX
Features: ['S2', 'F10', 'S1', 'F7', 'E1']
Episode Start Date: 2022-11-28T05:17:17
Episode End-----
Episode Begin-----
Airplane Tail: NYKTDU
Dataload Target: DZB-88
Software Part Number: Z9VCN-AEY0Y-CNQQU
Dataload protocol: TCP
Features: ['S2', 'F10', 'E1']
Episode Start Date: 2022-12-05T06:19:25
Episode End-----
Episode Begin-----
Airplane Tail: NYKTDU
Dataload Target: SKM-10
Software Part Number: Z9VCN-AEY0Y-CNQQU
Dataload protocol: UDP
Features: ['F10', 'S2', 'S2', 'F10', 'S2', 'S2', 'S2', 'S2', 'S2', 'S2', 'S2', 'S2', 'F10', 'E1']
Episode Start Date: 2022-12-05T06:33:19
Episode End-----
Episode Begin-----
Airplane Tail: NYKTDU
Features: ['F10', 'S2', 'E4']
Episode Start Date: 2022-12-05T06:47:38
Episode End-----
Episode Begin-----
Airplane Tail: NYKTDU
Dataload Target: MRQ-36
Software Part Number: YWOBC-IE1BW-ZBTW6
Dataload protocol: UDP
Features: ['S2', 'F10', 'F4', 'F3', 'E1']
Episode Start Date: 2022-12-12T09:04:22
Episode End-----
Episode Begin-----
Airplane Tail: NYKTDU
Dataload Target: MRQ-36
Software Part Number: 88DIS-SYFA0-HWA26
Dataload protocol: TCP
Features: ['S2', 'F10', 'F4', 'F3', 'E1']
Episode Start Date: 2022-12-12T09:07:49
Episode End-----
Episode Begin-----
Airplane Tail: NYKTDU
Dataload Target: VMF-43
Software Part Number: YWOBC-IE1BW-ZBTW6
Dataload protocol: TCP
Features: ['S2', 'F10', 'F4', 'F3', 'E1']
Episode Start Date: 2022-12-12T09:09:44
Episode End-----
Episode Begin-----
Airplane Tail: NYKTDU
Dataload Target: VMF-43
Software Part Number: 88DIS-SYFA0-HWA26
Dataload protocol: AFDX
Features: ['S2', 'F10', 'F4', 'F3', 'E1']
Episode Start Date: 2022-12-12T09:11:31
Episode End-----
Episode Begin-----
Airplane Tail: NYKTDU
Dataload Target: GDQ-20
Software Part Number: YWOBC-IE1BW-ZBTW6
Dataload protocol: UDP
Features: ['S2', 'F10', 'F4', 'F3', 'E1']
Episode Start Date: 2022-12-12T09:12:56
Episode End-----
Episode Begin-----
Airplane Tail: NYKTDU
Dataload Target: GDQ-20
Software Part Number: 88DIS-SYFA0-HWA26
Dataload protocol: AFDX
Features: ['S2', 'F10', 'F4', 'F3', 'E1']
Episode Start Date: 2022-12-12T09:14:46
Episode End-----
Episode Begin-----
Airplane Tail: NYKTDU
Dataload Target: YIX-90
Software Part Number: YWOBC-IE1BW-ZBTW6
Dataload protocol: UDP
Features: ['S2', 'F10', 'F4', 'F3', 'E1']
Episode Start Date: 2022-12-12T09:16:09
Episode End-----
Episode Begin-----
Airplane Tail: NYKTDU
Dataload Target: YIX-90
Software Part Number: 88DIS-SYFA0-HWA26
Dataload protocol: AFDX
Features: ['S2', 'F10', 'F4', 'F3', 'E1']
Episode Start Date: 2022-12-12T09:17:44
Episode End-----
Episode Begin-----
Airplane Tail: NYKTDU
Features: ['F10', 'F10', 'E4']
Episode Start Date: 2022-12-12T09:18:55
Episode End-----
Episode Begin-----
Airplane Tail: NYKTDU
Dataload Target: DZB-88
Software Part Number: R1G39-FDI3H-VD6HW
Dataload protocol: UDP
Features: ['S2', 'F10', 'E1']
Episode Start Date: 2022-12-29T05:45:52
Episode End-----
Episode Begin-----
Airplane Tail: NYKTDU
Dataload Target: DZB-88
Software Part Number: CCO9Q-HK1YQ-VRMHY
Dataload protocol: UDP
Features: ['S2', 'F10', 'E1']
Episode Start Date: 2022-01-24T04:47:01
Episode End-----
Episode Begin-----
Airplane Tail: NYKTDU
Dataload Target: QBH-26
Software Part Number: TN554-7N2FG-X1YX6
Dataload protocol: UDP
Features: ['S2', 'S2', 'F10', 'F2', 'F1', 'E1']
Episode Start Date: 2022-01-24T05:15:02
Episode End-----
Episode Begin-----
Airplane Tail: NYKTDU
Dataload Target: QZW-95
Software Part Number: TN554-7N2FG-X1YX6
Dataload protocol: AFDX
Features: ['S2', 'S2', 'F10', 'E1']
Episode Start Date: 2022-01-24T05:22:48
Episode End-----
Episode Begin-----
Airplane Tail: NYKTDU
Dataload Target: JYM-71
Software Part Number: 7ZSSL-8FRI8-O9R6A
Dataload protocol: UDP
Features: ['S2', 'F10', 'E2']
Episode Start Date: 2022-02-02T06:54:29
Episode End-----
Episode Begin-----
Airplane Tail: NYKTDU
Dataload Target: JYM-71
Software Part Number: 7ZSSL-8FRI8-O9R6A
Dataload protocol: UDP
Features: ['F10', 'F10', 'E2']
Episode Start Date: 2022-02-02T07:00:48
Episode End-----
Episode Begin-----
Airplane Tail: NYKTDU
Dataload Target: JYM-71
Software Part Number: 7ZSSL-8FRI8-O9R6A
Dataload protocol: AFDX
Features: ['F10', 'F10', 'S2', 'F10', 'E2']
Episode Start Date: 2022-02-02T07:03:43
Episode End-----
Episode Begin-----
Airplane Tail: NYKTDU
Dataload Target: JYM-71
Software Part Number: 7ZSSL-8FRI8-O9R6A
Dataload protocol: TCP
Features: ['F10', 'F10', 'S2', 'S2', 'F10', 'E2']
Episode Start Date: 2022-02-02T07:10:40
Episode End-----
Episode Begin-----
Airplane Tail: NYKTDU
Dataload Target: JYM-71
Software Part Number: 7ZSSL-8FRI8-O9R6A
Dataload protocol: AFDX
Features: ['S2', 'F10', 'E2']
Episode Start Date: 2022-02-02T07:20:57
Episode End-----
Episode Begin-----
Airplane Tail: NYKTDU
Features: ['F10', 'S2', 'F10', 'S2', 'S2', 'S2', 'F10', 'E4']
Episode Start Date: 2022-02-02T07:22:03
Episode End-----
Episode Begin-----
Airplane Tail: NYKTDU
Dataload Target: JYM-71
Software Part Number: 7ZSSL-8FRI8-O9R6A
Dataload protocol: UDP
Features: ['E2']
Episode Start Date: 2022-02-02T07:37:13
Episode End-----
Episode Begin-----
Airplane Tail: NYKTDU
Features: ['F10', 'F10', 'S2', 'S2', 'E4']
Episode Start Date: 2022-02-02T07:37:24
Episode End-----
Episode Begin-----
Airplane Tail: NYKTDU
Dataload Target: JYM-71
Software Part Number: 7ZSSL-8FRI8-O9R6A
Dataload protocol: TCP
Features: ['S2', 'F10', 'E2']
Episode Start Date: 2022-02-02T08:18:32
Episode End-----
Episode Begin-----
Airplane Tail: NYKTDU
Dataload Target: JYM-71
Software Part Number: 7ZSSL-8FRI8-O9R6A
Dataload protocol: UDP
Features: ['S2', 'F10', 'E2']
Episode Start Date: 2022-02-02T08:48:59
Episode End-----
Episode Begin-----
Airplane Tail: NYKTDU
Dataload Target: JYM-71
Software Part Number: 7ZSSL-8FRI8-O9R6A
Dataload protocol: UDP
Features: ['S2', 'F10', 'E2']
Episode Start Date: 2022-02-02T08:59:32
Episode End-----
Episode Begin-----
Airplane Tail: NYKTDU
Dataload Target: JYM-71
Software Part Number: 7ZSSL-8FRI8-O9R6A
Dataload protocol: TCP
Features: ['F10', 'E2']
Episode Start Date: 2022-02-02T08:59:57
Episode End-----
Episode Begin-----
Airplane Tail: NYKTDU
Dataload Target: JYM-71
Software Part Number: 7ZSSL-8FRI8-O9R6A
Dataload protocol: UDP
Features: ['F10', 'E2']
Episode Start Date: 2022-02-02T09:01:14
Episode End-----
Episode Begin-----
Airplane Tail: NYKTDU
Dataload Target: JYM-71
Software Part Number: 7ZSSL-8FRI8-O9R6A
Dataload protocol: TCP
Features: ['F10', 'S2', 'S2', 'S2', 'F10', 'E2']
Episode Start Date: 2022-02-02T09:01:38
Episode End-----
Episode Begin-----
Airplane Tail: NYKTDU
Dataload Target: JYM-71
Software Part Number: 7ZSSL-8FRI8-O9R6A
Dataload protocol: TCP
Features: ['F10', 'E2']
Episode Start Date: 2022-02-02T09:07:29
Episode End-----
Episode Begin-----
Airplane Tail: NYKTDU
Features: ['F10', 'S2', 'E4']
Episode Start Date: 2022-02-02T09:07:54
Episode End-----
Episode Begin-----
Airplane Tail: NYKTDU
Dataload Target: JYM-71
Software Part Number: 7ZSSL-8FRI8-O9R6A
Dataload protocol: TCP
Features: ['S2', 'F10', 'E2']
Episode Start Date: 2022-02-02T09:28:08
Episode End-----
Episode Begin-----
Airplane Tail: NYKTDU
Dataload Target: JYM-71
Software Part Number: 7ZSSL-8FRI8-O9R6A
Dataload protocol: UDP
Features: ['F10', 'S2', 'S2', 'F10', 'E2']
Episode Start Date: 2022-02-02T09:28:41
Episode End-----
Episode Begin-----
Airplane Tail: NYKTDU
Features: ['F10', 'S2', 'E4']
Episode Start Date: 2022-02-02T09:40:15
Episode End-----
Episode Begin-----
Airplane Tail: NYKTDU
Features: ['S2', 'S2', 'E4']
Episode Start Date: 2022-02-02T10:26:44
Episode End-----
Episode Begin-----
Airplane Tail: NYKTDU
Dataload Target: JYM-71
Software Part Number: 7ZSSL-8FRI8-O9R6A
Dataload protocol: UDP
Features: ['S2', 'F10', 'E1']
Episode Start Date: 2022-02-05T04:14:52
Episode End-----
Episode Begin-----
Airplane Tail: NYKTDU
Dataload Target: CYP-01
Software Part Number: FR361-IQC8I-X45Z8
Dataload protocol: TCP
Features: ['S2', 'S2', 'F10', 'E1']
Episode Start Date: 2022-02-05T04:17:31
Episode End-----
Episode Begin-----
Airplane Tail: NYKTDU
Dataload Target: CYP-01
Software Part Number: X79C3-31AJN-WCYC5
Dataload protocol: UDP
Features: ['S2', 'F10', 'E1']
Episode Start Date: 2022-02-05T04:21:41
Episode End-----
Episode Begin-----
Airplane Tail: NYKTDU
Dataload Target: CYP-01
Software Part Number: TQ714-D0L0D-IS3JV
Dataload protocol: TCP
Features: ['S2', 'F10', 'E1']
Episode Start Date: 2022-02-05T04:23:24
Episode End-----
Episode Begin-----
Airplane Tail: NYKTDU
Dataload Target: CYP-01
Software Part Number: Q97Q0-98KL9-KCNIX
Dataload protocol: UDP
Features: ['S2', 'F10', 'E1']
Episode Start Date: 2022-02-05T04:24:09
Episode End-----
Episode Begin-----
Airplane Tail: NYKTDU
Dataload Target: CYP-01
Software Part Number: 0BQIO-SFP7L-LA6M8
Dataload protocol: AFDX
Features: ['S2', 'F10', 'E1']
Episode Start Date: 2022-02-05T04:25:16
Episode End-----
Episode Begin-----
Airplane Tail: NYKTDU
Dataload Target: CYP-01
Software Part Number: 762RU-BXP3L-H5W46
Dataload protocol: TCP
Features: ['S2', 'F10', 'E1']
Episode Start Date: 2022-02-05T04:26:12
Episode End-----
Episode Begin-----
Airplane Tail: NYKTDU
Dataload Target: DZB-88
Software Part Number: B1HOQ-99Z23-O0WT3
Dataload protocol: UDP
Features: ['S2', 'F10', 'E1']
Episode Start Date: 2022-02-26T07:17:40
Episode End-----
Episode Begin-----
Airplane Tail: NYKTDU
Features: ['F10', 'F10', 'F10', 'E4']
Episode Start Date: 2022-02-26T07:32:39
Episode End-----
Episode Begin-----
Airplane Tail: NXGXCR
Dataload Target: DZB-88
Software Part Number: EOVUB-F7AGR-83OOQ
Dataload protocol: UDP
Features: ['S2', 'F10', 'E1']
Episode Start Date: 2022-10-10T03:45:56
Episode End-----
Episode Begin-----
Airplane Tail: NXGXCR
Features: ['S2', 'S2', 'E4']
Episode Start Date: 2022-10-24T08:24:18
Episode End-----
Episode Begin-----
Airplane Tail: NXGXCR
Features: ['S2', 'F10', 'E4']
Episode Start Date: 2022-10-24T08:42:22
Episode End-----
Episode Begin-----
Airplane Tail: NXGXCR
Dataload Target: DZB-88
Software Part Number: IKBSW-7J88F-M81N5
Dataload protocol: AFDX
Features: ['E1']
Episode Start Date: 2022-10-24T08:59:04
Episode End-----
Episode Begin-----
Airplane Tail: NXGXCR
Dataload Target: DZB-88
Software Part Number: 8QOD0-9A65M-KGM2W
Dataload protocol: UDP
Features: ['S2', 'F10', 'E1']
Episode Start Date: 2022-10-24T08:59:12
Episode End-----
Episode Begin-----
Airplane Tail: NXGXCR
Dataload Target: DZB-88
Software Part Number: FTGGF-27KTH-MP3I8
Dataload protocol: UDP
Features: ['S2', 'F10', 'E1']
Episode Start Date: 2022-10-24T09:03:42
Episode End-----
Episode Begin-----
Airplane Tail: NXGXCR
Dataload Target: DZB-88
Software Part Number: ZB9AL-NC9YB-T8PWA
Dataload protocol: AFDX
Features: ['S2', 'F10', 'E1']
Episode Start Date: 2022-10-24T09:04:20
Episode End-----
Episode Begin-----
Airplane Tail: NXGXCR
Dataload Target: DZB-88
Software Part Number: LLJ5K-P6RZ3-LBP1Y
Dataload protocol: TCP
Features: ['S2', 'F10', 'E1']
Episode Start Date: 2022-10-24T09:04:53
Episode End-----
Episode Begin-----
Airplane Tail: NXGXCR
Dataload Target: DZB-88
Software Part Number: B5WN3-J8UOT-PQEFX
Dataload protocol: TCP
Features: ['S2', 'F10', 'End6']
Episode Start Date: 2022-10-24T09:05:27
Episode End-----
Episode Begin-----
Airplane Tail: NXGXCR
Dataload Target: DZB-88
Software Part Number: B5WN3-J8UOT-PQEFX
Dataload protocol: UDP
Features: ['S2', 'F10', 'End6']
Episode Start Date: 2022-10-24T09:06:40
Episode End-----
Episode Begin-----
Airplane Tail: NXGXCR
Features: ['S2', 'F10', 'S2', 'E4']
Episode Start Date: 2022-10-24T09:08:01
Episode End-----
Episode Begin-----
Airplane Tail: NXGXCR
Dataload Target: DZB-88
Software Part Number: 98JZI-Z991E-0W9RZ
Dataload protocol: AFDX
Features: ['S2', 'F10', 'E1']
Episode Start Date: 2022-11-06T04:22:24
Episode End-----
Episode Begin-----
Airplane Tail: NXGXCR
Dataload Target: CTI-62
Software Part Number: 6IK47-8ATJ8-7MHHM
Dataload protocol: TCP
Features: ['S1', 'E1']
Episode Start Date: 2022-02-01T23:06:35
Episode End-----
Episode Begin-----
Airplane Tail: NXGXCR
Dataload Target: CTI-62
Software Part Number: Z0SST-1ZDFX-3B4U0
Dataload protocol: TCP
Features: ['S1', 'F7', 'F8', 'E1']
Episode Start Date: 2022-02-01T23:26:58
Episode End-----
Episode Begin-----
Airplane Tail: NXGXCR
Features: ['S2', 'S2', 'S2', 'S2', 'S2', 'S2', 'S2', 'S2', 'S2', 'S2', 'S2', 'S2', 'S2', 'S2', 'E4']
Episode Start Date: 2022-11-15T22:30:16
Episode End-----
Episode Begin-----
Airplane Tail: NXGXCR
Dataload Target: CTI-62
Software Part Number: HES1G-MMWAO-N8LW3
Dataload protocol: UDP
Features: ['S1', 'F7', 'E1']
Episode Start Date: 2022-11-15T22:47:46
Episode End-----
Episode Begin-----
Airplane Tail: NXGXCR
Dataload Target: FNQ-26
Software Part Number: TJTNT-27SRC-7RK6I
Dataload protocol: UDP
Features: ['S2', 'F10', 'E1']
Episode Start Date: 2022-11-25T07:52:01
Episode End-----
Episode Begin-----
Airplane Tail: NXGXCR
Features: ['F10', 'S2', 'S2', 'E4']
Episode Start Date: 2022-11-25T07:58:53
Episode End-----
Episode Begin-----
Airplane Tail: NXGXCR
Features: ['S2', 'E4']
Episode Start Date: 2022-11-25T09:17:03
Episode End-----
Episode Begin-----
Airplane Tail: NXGXCR
Dataload Target: CTI-62
Software Part Number: NEJ1Z-2DNXU-78DWO
Dataload protocol: AFDX
Features: ['S2', 'F10', 'S1', 'F7', 'E1']
Episode Start Date: 2022-12-04T07:05:54
Episode End-----
Episode Begin-----
Airplane Tail: NXGXCR
Dataload Target: DZB-88
Software Part Number: Z9VCN-AEY0Y-CNQQU
Dataload protocol: AFDX
Features: ['S2', 'F10', 'E1']
Episode Start Date: 2022-12-04T07:16:17
Episode End-----
Episode Begin-----
Airplane Tail: NXGXCR
Dataload Target: MRQ-36
Software Part Number: YWOBC-IE1BW-ZBTW6
Dataload protocol: TCP
Features: ['F4', 'F3', 'E1']
Episode Start Date: 2022-12-04T10:36:12
Episode End-----
Episode Begin-----
Airplane Tail: NXGXCR
Dataload Target: MRQ-36
Software Part Number: 88DIS-SYFA0-HWA26
Dataload protocol: AFDX
Features: ['F4', 'F3', 'E1']
Episode Start Date: 2022-12-04T10:38:55
Episode End-----
Episode Begin-----
Airplane Tail: NXGXCR
Dataload Target: VMF-43
Software Part Number: YWOBC-IE1BW-ZBTW6
Dataload protocol: UDP
Features: ['F4', 'F3', 'E1']
Episode Start Date: 2022-12-04T10:40:51
Episode End-----
Episode Begin-----
Airplane Tail: NXGXCR
Dataload Target: VMF-43
Software Part Number: 88DIS-SYFA0-HWA26
Dataload protocol: UDP
Features: ['F4', 'F3', 'E1']
Episode Start Date: 2022-12-04T10:42:35
Episode End-----
Episode Begin-----
Airplane Tail: NXGXCR
Dataload Target: GDQ-20
Software Part Number: YWOBC-IE1BW-ZBTW6
Dataload protocol: UDP
Features: ['F4', 'F3', 'E1']
Episode Start Date: 2022-12-04T10:44:19
Episode End-----
Episode Begin-----
Airplane Tail: NXGXCR
Dataload Target: GDQ-20
Software Part Number: 88DIS-SYFA0-HWA26
Dataload protocol: TCP
Features: ['F4', 'F3', 'E1']
Episode Start Date: 2022-12-04T10:46:23
Episode End-----
Episode Begin-----
Airplane Tail: NXGXCR
Dataload Target: YIX-90
Software Part Number: YWOBC-IE1BW-ZBTW6
Dataload protocol: UDP
Features: ['F4', 'F3', 'E1']
Episode Start Date: 2022-12-04T10:47:29
Episode End-----
Episode Begin-----
Airplane Tail: NXGXCR
Dataload Target: YIX-90
Software Part Number: 88DIS-SYFA0-HWA26
Dataload protocol: AFDX
Features: ['F4', 'F3', 'E1']
Episode Start Date: 2022-12-04T10:49:09
Episode End-----
Episode Begin-----
Airplane Tail: NXGXCR
Dataload Target: GDQ-20
Software Part Number: 88DIS-SYFA0-HWA26
Dataload protocol: AFDX
Features: ['S2', 'F10', 'F4', 'F3', 'E1']
Episode Start Date: 2022-12-14T18:05:28
Episode End-----
Episode Begin-----
Airplane Tail: NXGXCR
Dataload Target: GDQ-20
Software Part Number: 88DIS-SYFA0-HWA26
Dataload protocol: UDP
Features: ['S2', 'F10', 'S2', 'S2', 'F10', 'F4', 'F3', 'E1']
Episode Start Date: 2022-12-14T18:08:30
Episode End-----
Episode Begin-----
Airplane Tail: NXGXCR
Dataload Target: GDQ-20
Software Part Number: YWOBC-IE1BW-ZBTW6
Dataload protocol: TCP
Features: ['F10', 'F10', 'S2', 'F10', 'F10', 'F10', 'F4', 'F3', 'E1']
Episode Start Date: 2022-12-14T18:10:02
Episode End-----
Episode Begin-----
Airplane Tail: NXGXCR
Dataload Target: DZB-88
Software Part Number: R1G39-FDI3H-VD6HW
Dataload protocol: TCP
Features: ['S2', 'F10', 'E1']
Episode Start Date: 2022-12-28T06:29:16
Episode End-----
Episode Begin-----
Airplane Tail: NXGXCR
Dataload Target: JYM-71
Software Part Number: 7ZSSL-8FRI8-O9R6A
Dataload protocol: UDP
Features: ['S2', 'F10', 'E2']
Episode Start Date: 2022-01-08T07:56:47
Episode End-----
Episode Begin-----
Airplane Tail: NXGXCR
Dataload Target: JYM-71
Software Part Number: 7ZSSL-8FRI8-O9R6A
Dataload protocol: UDP
Features: ['S2', 'S2', 'F10', 'S2', 'S2', 'F10', 'F10', 'E2']
Episode Start Date: 2022-01-08T07:58:06
Episode End-----
Episode Begin-----
Airplane Tail: NXGXCR
Dataload Target: JYM-71
Software Part Number: 7ZSSL-8FRI8-O9R6A
Dataload protocol: AFDX
Features: ['S2', 'F10', 'E1']
Episode Start Date: 2022-01-08T08:08:35
Episode End-----
Episode Begin-----
Airplane Tail: NXGXCR
Dataload Target: CYP-01
Software Part Number: FR361-IQC8I-X45Z8
Dataload protocol: AFDX
Features: ['S2', 'F10', 'E1']
Episode Start Date: 2022-01-08T08:10:33
Episode End-----
Episode Begin-----
Airplane Tail: NXGXCR
Dataload Target: CYP-01
Software Part Number: X79C3-31AJN-WCYC5
Dataload protocol: UDP
Features: ['S2', 'F10', 'E1']
Episode Start Date: 2022-01-08T08:13:09
Episode End-----
Episode Begin-----
Airplane Tail: NXGXCR
Dataload Target: CYP-01
Software Part Number: TQ714-D0L0D-IS3JV
Dataload protocol: AFDX
Features: ['S2', 'F10', 'E1']
Episode Start Date: 2022-01-08T08:14:06
Episode End-----
Episode Begin-----
Airplane Tail: NXGXCR
Dataload Target: CYP-01
Software Part Number: Q97Q0-98KL9-KCNIX
Dataload protocol: AFDX
Features: ['S2', 'F10', 'E1']
Episode Start Date: 2022-01-08T08:14:43
Episode End-----
Episode Begin-----
Airplane Tail: NXGXCR
Dataload Target: CYP-01
Software Part Number: 0BQIO-SFP7L-LA6M8
Dataload protocol: TCP
Features: ['S2', 'F10', 'E1']
Episode Start Date: 2022-01-08T08:15:27
Episode End-----
Episode Begin-----
Airplane Tail: NXGXCR
Dataload Target: CYP-01
Software Part Number: 762RU-BXP3L-H5W46
Dataload protocol: UDP
Features: ['S2', 'F10', 'E1']
Episode Start Date: 2022-01-08T08:16:12
Episode End-----
Episode Begin-----
Airplane Tail: NXGXCR
Features: ['S2', 'S2', 'E4']
Episode Start Date: 2022-01-22T09:32:51
Episode End-----
Episode Begin-----
Airplane Tail: NXGXCR
Dataload Target: FNQ-26
Software Part Number: YNY60-IG56K-XDY9U
Dataload protocol: AFDX
Features: ['S2', 'S2', 'F10', 'End7']
Episode Start Date: 2022-01-22T09:49:52
Episode End-----
Episode Begin-----
Airplane Tail: NXGXCR
Features: ['S2', 'F10', 'E4']
Episode Start Date: 2022-01-22T09:54:39
Episode End-----
Episode Begin-----
Airplane Tail: NXGXCR
Dataload Target: FNQ-26
Software Part Number: YNY60-IG56K-XDY9U
Dataload protocol: TCP
Features: ['E1']
Episode Start Date: 2022-01-22T10:43:11
Episode End-----
Episode Begin-----
Airplane Tail: NXGXCR
Dataload Target: FNQ-26
Software Part Number: TJTNT-27SRC-7RK6I
Dataload protocol: UDP
Features: ['S2', 'F10', 'E1']
Episode Start Date: 2022-01-22T10:43:20
Episode End-----
Episode Begin-----
Airplane Tail: NXGXCR
Features: ['F10', 'S2', 'S2', 'S2', 'F10', 'E4']
Episode Start Date: 2022-01-22T10:49:57
Episode End-----
Episode Begin-----
Airplane Tail: NXGXCR
Dataload Target: FNQ-26
Software Part Number: YNY60-IG56K-XDY9U
Dataload protocol: TCP
Features: ['E3']
Episode Start Date: 2022-01-22T11:05:35
Episode End-----
Episode Begin-----
Airplane Tail: NXGXCR
Dataload Target: FNQ-26
Software Part Number: YNY60-IG56K-XDY9U
Dataload protocol: AFDX
Features: ['F10', 'E3']
Episode Start Date: 2022-01-22T11:05:52
Episode End-----
Episode Begin-----
Airplane Tail: NXGXCR
Features: ['F10', 'S2', 'E4']
Episode Start Date: 2022-01-22T11:14:54
Episode End-----
Episode Begin-----
Airplane Tail: NXGXCR
Dataload Target: DZB-88
Software Part Number: CCO9Q-HK1YQ-VRMHY
Dataload protocol: TCP
Features: ['S2', 'S2', 'F10', 'E1']
Episode Start Date: 2022-01-24T05:06:44
Episode End-----
Episode Begin-----
Airplane Tail: NXGXCR
Dataload Target: QBH-26
Software Part Number: TN554-7N2FG-X1YX6
Dataload protocol: UDP
Features: ['F10', 'S2', 'S2', 'S2', 'S2', 'F10', 'F2', 'F1', 'E1']
Episode Start Date: 2022-01-24T05:55:09
Episode End-----
Episode Begin-----
Airplane Tail: NXGXCR
Dataload Target: QZW-95
Software Part Number: TN554-7N2FG-X1YX6
Dataload protocol: TCP
Features: ['S2', 'F10', 'F10', 'E1']
Episode Start Date: 2022-01-24T06:01:03
Episode End-----
Episode Begin-----
Airplane Tail: NVTCMR
Dataload Target: DZB-88
Software Part Number: EOVUB-F7AGR-83OOQ
Dataload protocol: UDP
Features: ['S2', 'F10', 'E1']
Episode Start Date: 2022-10-07T04:49:14
Episode End-----
Episode Begin-----
Airplane Tail: NVTCMR
Features: ['F10', 'S2', 'E4']
Episode Start Date: 2022-10-07T05:21:03
Episode End-----
Episode Begin-----
Airplane Tail: NVTCMR
Dataload Target: DZB-88
Software Part Number: 98JZI-Z991E-0W9RZ
Dataload protocol: AFDX
Features: ['S2', 'F10', 'E1']
Episode Start Date: 2022-10-31T04:58:17
Episode End-----
Episode Begin-----
Airplane Tail: NVTCMR
Features: ['F10', 'E4']
Episode Start Date: 2022-10-31T05:13:11
Episode End-----
Episode Begin-----
Airplane Tail: NVTCMR
Dataload Target: FNQ-26
Software Part Number: TJTNT-27SRC-7RK6I
Dataload protocol: TCP
Features: ['S2', 'S2', 'S2', 'S2', 'S2', 'S2', 'S2', 'F10', 'E1']
Episode Start Date: 2022-11-21T04:10:48
Episode End-----
Episode Begin-----
Airplane Tail: NVTCMR
Features: ['F10', 'F10', 'S2', 'E4']
Episode Start Date: 2022-11-21T04:25:13
Episode End-----
Episode Begin-----
Airplane Tail: NVTCMR
Features: ['S2', 'E4']
Episode Start Date: 2022-11-21T05:29:49
Episode End-----
Episode Begin-----
Airplane Tail: NVTCMR
Dataload Target: DZB-88
Software Part Number: Z9VCN-AEY0Y-CNQQU
Dataload protocol: AFDX
Features: ['S2', 'F10', 'E1']
Episode Start Date: 2022-11-30T06:17:50
Episode End-----
Episode Begin-----
Airplane Tail: NVTCMR
Dataload Target: MRQ-36
Software Part Number: 01NC1-VDOR5-LR7QS
Dataload protocol: TCP
Features: ['S2', 'F10', 'F10', 'F10', 'F10', 'F10', 'F4', 'F3', 'E1']
Episode Start Date: 2022-12-22T06:47:23
Episode End-----
Episode Begin-----
Airplane Tail: NVTCMR
Dataload Target: MRQ-36
Software Part Number: YWOBC-IE1BW-ZBTW6
Dataload protocol: AFDX
Features: ['S2', 'F10', 'F4', 'F3', 'E1']
Episode Start Date: 2022-12-22T06:51:22
Episode End-----
Episode Begin-----
Airplane Tail: NVTCMR
Dataload Target: MRQ-36
Software Part Number: 88DIS-SYFA0-HWA26
Dataload protocol: AFDX
Features: ['S2', 'F10', 'F4', 'F3', 'E1']
Episode Start Date: 2022-12-22T06:53:22
Episode End-----
Episode Begin-----
Airplane Tail: NVTCMR
Dataload Target: VMF-43
Software Part Number: YWOBC-IE1BW-ZBTW6
Dataload protocol: TCP
Features: ['S2', 'F10', 'F4', 'F3', 'E1']
Episode Start Date: 2022-12-22T06:55:17
Episode End-----
Episode Begin-----
Airplane Tail: NVTCMR
Dataload Target: VMF-43
Software Part Number: 88DIS-SYFA0-HWA26
Dataload protocol: AFDX
Features: ['S2', 'S2', 'S2', 'F10', 'F4', 'F3', 'E1']
Episode Start Date: 2022-12-22T06:56:58
Episode End-----
Episode Begin-----
Airplane Tail: NVTCMR
Dataload Target: GDQ-20
Software Part Number: YWOBC-IE1BW-ZBTW6
Dataload protocol: UDP
Features: ['S2', 'F10', 'F4', 'F3', 'E1']
Episode Start Date: 2022-12-22T06:58:08
Episode End-----
Episode Begin-----
Airplane Tail: NVTCMR
Dataload Target: GDQ-20
Software Part Number: 88DIS-SYFA0-HWA26
Dataload protocol: UDP
Features: ['S2', 'F10', 'F4', 'F3', 'E1']
Episode Start Date: 2022-12-22T07:00:05
Episode End-----
Episode Begin-----
Airplane Tail: NVTCMR
Dataload Target: YIX-90
Software Part Number: YWOBC-IE1BW-ZBTW6
Dataload protocol: AFDX
Features: ['S2', 'F10', 'F4', 'F3', 'E1']
Episode Start Date: 2022-12-22T07:01:52
Episode End-----
Episode Begin-----
Airplane Tail: NVTCMR
Dataload Target: YIX-90
Software Part Number: 88DIS-SYFA0-HWA26
Dataload protocol: TCP
Features: ['S2', 'F10', 'F4', 'F3', 'E1']
Episode Start Date: 2022-12-22T07:03:21
Episode End-----
Episode Begin-----
Airplane Tail: NVTCMR
Dataload Target: DZB-88
Software Part Number: R1G39-FDI3H-VD6HW
Dataload protocol: TCP
Features: ['S2', 'F10', 'E1']
Episode Start Date: 2022-12-27T05:00:26
Episode End-----
Episode Begin-----
Airplane Tail: NVTCMR
Features: ['F10', 'S2', 'S2', 'E4']
Episode Start Date: 2022-12-27T05:18:34
Episode End-----
Episode Begin-----
Airplane Tail: NVTCMR
Dataload Target: MRQ-36
Software Part Number: YWOBC-IE1BW-ZBTW6
Dataload protocol: AFDX
Features: ['F4', 'E1']
Episode Start Date: 2022-12-27T10:10:00
Episode End-----
Episode Begin-----
Airplane Tail: NVTCMR
Dataload Target: MRQ-36
Software Part Number: 88DIS-SYFA0-HWA26
Dataload protocol: AFDX
Features: ['F4', 'F3', 'E1']
Episode Start Date: 2022-12-27T10:20:36
Episode End-----
Episode Begin-----
Airplane Tail: NVTCMR
Dataload Target: DZB-88
Software Part Number: R1G39-FDI3H-VD6HW
Dataload protocol: TCP
Features: ['S2', 'F10', 'E1']
Episode Start Date: 2022-12-30T04:52:26
Episode End-----
Episode Begin-----
Airplane Tail: NVTCMR
Dataload Target: SKM-10
Software Part Number: R1G39-FDI3H-VD6HW
Dataload protocol: UDP
Features: ['S2', 'F10', 'E1']
Episode Start Date: 2022-12-30T05:05:34
Episode End-----
Episode Begin-----
Airplane Tail: NVTCMR
Features: ['F10', 'S2', 'S2', 'E4']
Episode Start Date: 2022-12-30T05:16:44
Episode End-----
Episode Begin-----
Airplane Tail: NVTCMR
Dataload Target: JYM-71
Software Part Number: 7ZSSL-8FRI8-O9R6A
Dataload protocol: AFDX
Features: ['S2', 'F10', 'E1']
Episode Start Date: 2022-01-13T05:52:00
Episode End-----
Episode Begin-----
Airplane Tail: NVTCMR
Dataload Target: JYM-71
Software Part Number: 7ZSSL-8FRI8-O9R6A
Dataload protocol: UDP
Features: ['F10', 'E2']
Episode Start Date: 2022-01-13T05:56:04
Episode End-----
Episode Begin-----
Airplane Tail: NVTCMR
Dataload Target: JYM-71
Software Part Number: 7ZSSL-8FRI8-O9R6A
Dataload protocol: UDP
Features: ['S2', 'F10', 'E2']
Episode Start Date: 2022-01-13T05:57:19
Episode End-----
Episode Begin-----
Airplane Tail: NVTCMR
Dataload Target: JYM-71
Software Part Number: 7ZSSL-8FRI8-O9R6A
Dataload protocol: AFDX
Features: ['S2', 'F10', 'F10', 'E1']
Episode Start Date: 2022-01-13T06:17:57
Episode End-----
Episode Begin-----
Airplane Tail: NVTCMR
Dataload Target: CYP-01
Software Part Number: FR361-IQC8I-X45Z8
Dataload protocol: AFDX
Features: ['S2', 'F10', 'E1']
Episode Start Date: 2022-01-13T06:25:25
Episode End-----
Episode Begin-----
Airplane Tail: NVTCMR
Dataload Target: CYP-01
Software Part Number: X79C3-31AJN-WCYC5
Dataload protocol: TCP
Features: ['S2', 'F10', 'E1']
Episode Start Date: 2022-01-13T06:29:52
Episode End-----
Episode Begin-----
Airplane Tail: NVTCMR
Dataload Target: CYP-01
Software Part Number: TQ714-D0L0D-IS3JV
Dataload protocol: AFDX
Features: ['S2', 'F10', 'E1']
Episode Start Date: 2022-01-13T06:31:44
Episode End-----
Episode Begin-----
Airplane Tail: NVTCMR
Dataload Target: CYP-01
Software Part Number: Q97Q0-98KL9-KCNIX
Dataload protocol: TCP
Features: ['S2', 'F10', 'E1']
Episode Start Date: 2022-01-13T06:33:07
Episode End-----
Episode Begin-----
Airplane Tail: NVTCMR
Dataload Target: CYP-01
Software Part Number: 0BQIO-SFP7L-LA6M8
Dataload protocol: UDP
Features: ['S2', 'F10', 'E1']
Episode Start Date: 2022-01-13T06:34:11
Episode End-----
Episode Begin-----
Airplane Tail: NVTCMR
Dataload Target: CYP-01
Software Part Number: 762RU-BXP3L-H5W46
Dataload protocol: UDP
Features: ['S2', 'F10', 'F10', 'E1']
Episode Start Date: 2022-01-13T06:35:07
Episode End-----
Episode Begin-----
Airplane Tail: NVTCMR
Dataload Target: DZB-88
Software Part Number: R1G39-FDI3H-VD6HW
Dataload protocol: AFDX
Features: ['S2', 'S2', 'S2', 'F10', 'F10', 'F10', 'E1']
Episode Start Date: 2022-01-20T02:45:18
Episode End-----
Episode Begin-----
Airplane Tail: NVTCMR
Features: ['F10', 'F10', 'S2', 'S2', 'E4']
Episode Start Date: 2022-01-20T03:04:45
Episode End-----
Episode Begin-----
Airplane Tail: NVTCMR
Dataload Target: SKM-10
Software Part Number: R1G39-FDI3H-VD6HW
Dataload protocol: AFDX
Features: ['S2', 'S2', 'S2', 'S2', 'S2', 'F10', 'E1']
Episode Start Date: 2022-01-20T03:23:34
Episode End-----
Episode Begin-----
Airplane Tail: NVTCMR
Features: ['F10', 'S2', 'E4']
Episode Start Date: 2022-01-20T03:36:38
Episode End-----
Episode Begin-----
Airplane Tail: NVTCMR
Dataload Target: QBH-26
Software Part Number: TN554-7N2FG-X1YX6
Dataload protocol: AFDX
Features: ['S2', 'F10', 'F10', 'F2', 'F1', 'E1']
Episode Start Date: 2022-01-20T04:34:57
Episode End-----
Episode Begin-----
Airplane Tail: NVTCMR
Dataload Target: QZW-95
Software Part Number: TN554-7N2FG-X1YX6
Dataload protocol: UDP
Features: ['S2', 'F10', 'F10', 'F10', 'E1']
Episode Start Date: 2022-01-20T04:39:18
Episode End-----
Episode Begin-----
Airplane Tail: NVTCMR
Features: ['F10', 'S2', 'S2', 'E4']
Episode Start Date: 2022-01-20T04:42:20
Episode End-----
Episode Begin-----
Airplane Tail: NVTCMR
Dataload Target: DZB-88
Software Part Number: CCO9Q-HK1YQ-VRMHY
Dataload protocol: UDP
Features: ['S2', 'F10', 'E1']
Episode Start Date: 2022-01-29T05:37:55
Episode End-----
Episode Begin-----
Airplane Tail: NVTCMR
Features: ['F10', 'F10', 'E4']
Episode Start Date: 2022-01-29T05:57:20
Episode End-----
Episode Begin-----
Airplane Tail: NVTCMR
Features: ['S2', 'E4']
Episode Start Date: 2022-02-16T09:04:14
Episode End-----
Episode Begin-----
Airplane Tail: NVTCMR
Dataload Target: DZB-88
Software Part Number: B1HOQ-99Z23-O0WT3
Dataload protocol: UDP
Features: ['S2', 'F10', 'E1']
Episode Start Date: 2022-02-22T04:06:04
Episode End-----
Episode Begin-----
Airplane Tail: NAFEMQ
Dataload Target: DZB-88
Software Part Number: EOVUB-F7AGR-83OOQ
Dataload protocol: TCP
Features: ['S2', 'F10', 'E1']
Episode Start Date: 2022-10-03T05:07:08
Episode End-----
Episode Begin-----
Airplane Tail: NAFEMQ
Features: ['F10', 'E4']
Episode Start Date: 2022-10-03T05:19:07
Episode End-----
Episode Begin-----
Airplane Tail: NAFEMQ
Dataload Target: DZB-88
Software Part Number: 98JZI-Z991E-0W9RZ
Dataload protocol: AFDX
Features: ['S2', 'F10', 'E1']
Episode Start Date: 2022-10-31T04:52:59
Episode End-----
Episode Begin-----
Airplane Tail: NAFEMQ
Features: ['F10', 'E4']
Episode Start Date: 2022-10-31T05:08:37
Episode End-----
Episode Begin-----
Airplane Tail: NAFEMQ
Features: ['S2', 'E4']
Episode Start Date: 2022-10-31T06:16:34
Episode End-----
Episode Begin-----
Airplane Tail: NAFEMQ
Features: ['S2', 'S2', 'S2', 'S2', 'S2', 'S2', 'S2', 'S2', 'S2', 'S2', 'S2', 'S2', 'S2', 'S2', 'S2', 'S2', 'S2', 'S2', 'S2', 'E4']
Episode Start Date: 2022-11-14T05:34:30
Episode End-----
Episode Begin-----
Airplane Tail: NAFEMQ
Features: ['S2', 'S2', 'E4']
Episode Start Date: 2022-11-14T05:50:15
Episode End-----
Episode Begin-----
Airplane Tail: NAFEMQ
Features: ['S2', 'S2', 'S2', 'S2', 'S2', 'S2', 'S2', 'S2', 'S2', 'S2', 'S2', 'S2', 'E4']
Episode Start Date: 2022-11-14T06:24:57
Episode End-----
Episode Begin-----
Airplane Tail: NAFEMQ
Dataload Target: FNQ-26
Software Part Number: TJTNT-27SRC-7RK6I
Dataload protocol: AFDX
Features: ['S2', 'F10', 'E1']
Episode Start Date: 2022-11-14T06:42:48
Episode End-----
Episode Begin-----
Airplane Tail: NAFEMQ
Dataload Target: DZB-88
Software Part Number: Z9VCN-AEY0Y-CNQQU
Dataload protocol: UDP
Features: ['S2', 'F10', 'E1']
Episode Start Date: 2022-12-05T04:50:57
Episode End-----
Episode Begin-----
Airplane Tail: NAFEMQ
Dataload Target: MRQ-36
Software Part Number: YWOBC-IE1BW-ZBTW6
Dataload protocol: TCP
Features: ['F10', 'S2', 'S2', 'F10', 'F4', 'F4', 'F3', 'F3', 'E1']
Episode Start Date: 2022-12-05T05:56:03
Episode End-----
Episode Begin-----
Airplane Tail: NAFEMQ
Dataload Target: VMF-43
Software Part Number: YWOBC-IE1BW-ZBTW6
Dataload protocol: AFDX
Features: ['S2', 'F10', 'F4', 'F4', 'F3', 'F3', 'E1']
Episode Start Date: 2022-12-05T06:04:05
Episode End-----
Episode Begin-----
Airplane Tail: NAFEMQ
Dataload Target: MRQ-36
Software Part Number: 88DIS-SYFA0-HWA26
Dataload protocol: AFDX
Features: ['S2', 'F10', 'F4', 'F3', 'E1']
Episode Start Date: 2022-12-05T06:06:38
Episode End-----
Episode Begin-----
Airplane Tail: NAFEMQ
Dataload Target: VMF-43
Software Part Number: 88DIS-SYFA0-HWA26
Dataload protocol: AFDX
Features: ['S2', 'F10', 'F4', 'F3', 'E1']
Episode Start Date: 2022-12-05T06:08:24
Episode End-----
Episode Begin-----
Airplane Tail: NAFEMQ
Dataload Target: GDQ-20
Software Part Number: 88DIS-SYFA0-HWA26
Dataload protocol: TCP
Features: ['S2', 'F10', 'F4', 'F3', 'E1']
Episode Start Date: 2022-12-05T06:09:34
Episode End-----
Episode Begin-----
Airplane Tail: NAFEMQ
Dataload Target: YIX-90
Software Part Number: 88DIS-SYFA0-HWA26
Dataload protocol: AFDX
Features: ['S2', 'F10', 'F4', 'F3', 'E1']
Episode Start Date: 2022-12-05T06:10:46
Episode End-----
Episode Begin-----
Airplane Tail: NAFEMQ
Features: ['F10', 'S2', 'S2', 'F10', 'E4']
Episode Start Date: 2022-12-05T06:39:54
Episode End-----
Episode Begin-----
Airplane Tail: NAFEMQ
Dataload Target: FNQ-26
Software Part Number: YNY60-IG56K-XDY9U
Dataload protocol: UDP
Features: ['E1']
Episode Start Date: 2022-12-05T07:28:20
Episode End-----
Episode Begin-----
Airplane Tail: NAFEMQ
Dataload Target: FNQ-26
Software Part Number: TJTNT-27SRC-7RK6I
Dataload protocol: AFDX
Features: ['F10', 'S2', 'F10', 'E1']
Episode Start Date: 2022-12-05T07:28:26
Episode End-----
Episode Begin-----
Airplane Tail: NAFEMQ
Features: ['F10', 'S2', 'E4']
Episode Start Date: 2022-12-05T07:38:19
Episode End-----
Episode Begin-----
Airplane Tail: NAFEMQ
Features: ['S2', 'S2', 'S2', 'S2', 'F10', 'E4']
Episode Start Date: 2022-12-10T09:07:46
Episode End-----
Episode Begin-----
Airplane Tail: NAFEMQ
Dataload Target: FNQ-26
Software Part Number: YNY60-IG56K-XDY9U
Dataload protocol: TCP
Features: ['E1']
Episode Start Date: 2022-12-10T09:59:02
Episode End-----
Episode Begin-----
Airplane Tail: NAFEMQ
Dataload Target: FNQ-26
Software Part Number: TJTNT-27SRC-7RK6I
Dataload protocol: AFDX
Features: ['F10', 'S2', 'F10', 'E1']
Episode Start Date: 2022-12-10T10:06:45
Episode End-----
Episode Begin-----
Airplane Tail: NAFEMQ
Features: ['F10', 'S2', 'S2', 'S2', 'S2', 'E4']
Episode Start Date: 2022-12-10T10:14:07
Episode End-----
Episode Begin-----
Airplane Tail: NAFEMQ
Dataload Target: DZB-88
Software Part Number: R1G39-FDI3H-VD6HW
Dataload protocol: UDP
Features: ['S2', 'F10', 'E1']
Episode Start Date: 2022-01-01T06:30:07
Episode End-----
Episode Begin-----
Airplane Tail: NAFEMQ
Dataload Target: JYM-71
Software Part Number: 7ZSSL-8FRI8-O9R6A
Dataload protocol: TCP
Features: ['S2', 'F10', 'E1']
Episode Start Date: 2022-01-10T04:00:54
Episode End-----
Episode Begin-----
Airplane Tail: NAFEMQ
Dataload Target: CYP-01
Software Part Number: FR361-IQC8I-X45Z8
Dataload protocol: TCP
Features: ['S2', 'F10', 'E1']
Episode Start Date: 2022-01-10T04:04:19
Episode End-----
Episode Begin-----
Airplane Tail: NAFEMQ
Dataload Target: CYP-01
Software Part Number: X79C3-31AJN-WCYC5
Dataload protocol: UDP
Features: ['S2', 'F10', 'E1']
Episode Start Date: 2022-01-10T04:07:57
Episode End-----
Episode Begin-----
Airplane Tail: NAFEMQ
Dataload Target: CYP-01
Software Part Number: TQ714-D0L0D-IS3JV
Dataload protocol: AFDX
Features: ['S2', 'F10', 'E1']
Episode Start Date: 2022-01-10T04:09:47
Episode End-----
Episode Begin-----
Airplane Tail: NAFEMQ
Dataload Target: CYP-01
Software Part Number: Q97Q0-98KL9-KCNIX
Dataload protocol: AFDX
Features: ['S2', 'F10', 'E1']
Episode Start Date: 2022-01-10T04:10:53
Episode End-----
Episode Begin-----
Airplane Tail: NAFEMQ
Dataload Target: CYP-01
Software Part Number: 0BQIO-SFP7L-LA6M8
Dataload protocol: UDP
Features: ['S2', 'S2', 'F10', 'E1']
Episode Start Date: 2022-01-10T04:12:00
Episode End-----
Episode Begin-----
Airplane Tail: NAFEMQ
Dataload Target: CYP-01
Software Part Number: 762RU-BXP3L-H5W46
Dataload protocol: TCP
Features: ['S2', 'F10', 'E1']
Episode Start Date: 2022-01-10T04:12:51
Episode End-----
Episode Begin-----
Airplane Tail: NAFEMQ
Dataload Target: QBH-26
Software Part Number: TN554-7N2FG-X1YX6
Dataload protocol: TCP
Features: ['S2', 'F10', 'F2', 'F1', 'E1']
Episode Start Date: 2022-01-19T05:29:56
Episode End-----
Episode Begin-----
Airplane Tail: NAFEMQ
Dataload Target: QZW-95
Software Part Number: TN554-7N2FG-X1YX6
Dataload protocol: AFDX
Features: ['F10', 'S2', 'S2', 'F10', 'E1']
Episode Start Date: 2022-01-19T05:33:20
Episode End-----
Episode Begin-----
Airplane Tail: NAFEMQ
Dataload Target: DZB-88
Software Part Number: B1HOQ-99Z23-O0WT3
Dataload protocol: TCP
Features: ['S2', 'F10', 'E1']
Episode Start Date: 2022-02-21T04:04:46
Episode End-----
Episode Begin-----
Airplane Tail: NAFEMQ
Features: ['F10', 'S2', 'E4']
Episode Start Date: 2022-02-21T04:21:43
Episode End-----
Episode Begin-----
Airplane Tail: NAHPOU
Features: ['S2', 'E4']
Episode Start Date: 2022-02-01T08:04:08
Episode End-----
Episode Begin-----
Airplane Tail: NAHPOU
Features: ['S2', 'S2', 'E4']
Episode Start Date: 2022-02-01T08:53:43
Episode End-----
Episode Begin-----
Airplane Tail: NAHPOU
Dataload Target: CTI-62
Software Part Number: 1Q1AC-YCLMJ-V7JSZ
Dataload protocol: TCP
Features: ['S2', 'S2', 'F10', 'S1', 'F7', 'E1']
Episode Start Date: 2022-02-01T10:22:26
Episode End-----
Episode Begin-----
Airplane Tail: NAHPOU
Features: ['S2', 'S2', 'E4']
Episode Start Date: 2022-02-07T05:08:56
Episode End-----
Episode Begin-----
Airplane Tail: NAHPOU
Dataload Target: CTI-62
Software Part Number: 1Q1AC-YCLMJ-V7JSZ
Dataload protocol: TCP
Features: ['S1', 'F7', 'E1']
Episode Start Date: 2022-02-07T05:44:48
Episode End-----
Episode Begin-----
Airplane Tail: NAHPOU
Dataload Target: CTI-62
Software Part Number: 2W7BZ-F5ENW-GSQBS
Dataload protocol: AFDX
Features: ['S2', 'F10', 'S1', 'F7', 'E1']
Episode Start Date: 2022-02-07T22:28:23
Episode End-----
Episode Begin-----
Airplane Tail: NAHPOU
Dataload Target: FNQ-26
Software Part Number: 6CD9O-601AW-MP4JT
Dataload protocol: UDP
Features: ['S2', 'F10', 'E5']
Episode Start Date: 2022-02-11T01:05:35
Episode End-----
Episode Begin-----
Airplane Tail: NAHPOU
Dataload Target: FNQ-26
Software Part Number: 6CD9O-601AW-MP4JT
Dataload protocol: AFDX
Features: ['S2', 'F10', 'E5']
Episode Start Date: 2022-02-11T01:08:44
Episode End-----
Episode Begin-----
Airplane Tail: NAHPOU
Dataload Target: FNQ-26
Software Part Number: 6CD9O-601AW-MP4JT
Dataload protocol: UDP
Features: ['S2', 'F10', 'End8']
Episode Start Date: 2022-02-11T01:20:46
Episode End-----
Episode Begin-----
Airplane Tail: NAHPOU
Dataload Target: FNQ-26
Software Part Number: 6CD9O-601AW-MP4JT
Dataload protocol: UDP
Features: ['S2', 'F10', 'E3']
Episode Start Date: 2022-02-11T01:22:13
Episode End-----
Episode Begin-----
Airplane Tail: NAHPOU
Dataload Target: FNQ-26
Software Part Number: 6CD9O-601AW-MP4JT
Dataload protocol: AFDX
Features: ['S2', 'E5']
Episode Start Date: 2022-02-11T01:33:52
Episode End-----
Episode Begin-----
Airplane Tail: NAHPOU
Dataload Target: FNQ-26
Software Part Number: 6CD9O-601AW-MP4JT
Dataload protocol: UDP
Features: ['S2', 'F10', 'E1']
Episode Start Date: 2022-02-11T01:43:12
Episode End-----
Episode Begin-----
Airplane Tail: NAHPOU
Features: ['F10', 'F10', 'S2', 'S2', 'S2', 'S2', 'S2', 'E4']
Episode Start Date: 2022-02-11T01:50:58
Episode End-----
Episode Begin-----
Airplane Tail: NAHPOU
Dataload Target: CTI-62
Software Part Number: CXZSW-YLZ8Z-QIQ4V
Dataload protocol: UDP
Features: ['S2', 'F10', 'S1', 'F7', 'E1']
Episode Start Date: 2022-02-11T02:28:07
Episode End-----
Episode Begin-----
Airplane Tail: NAHPOU
Features: ['S2', 'E4']
Episode Start Date: 2022-02-12T17:09:29
Episode End-----
Episode Begin-----
Airplane Tail: NAHPOU
Features: ['S2', 'E4']
Episode Start Date: 2022-02-12T18:25:36
Episode End-----
Episode Begin-----
Airplane Tail: NAHPOU
Dataload Target: CTI-62
Software Part Number: UFSQV-IHB7V-P4T4K
Dataload protocol: AFDX
Features: ['S2', 'F10', 'S1', 'F7', 'E1']
Episode Start Date: 2022-02-13T22:56:04
Episode End-----
Episode Begin-----
Airplane Tail: NAHPOU
Features: ['S2', 'S2', 'E4']
Episode Start Date: 2022-02-14T00:02:22
Episode End-----
Episode Begin-----
Airplane Tail: NAHPOU
Dataload Target: CTI-62
Software Part Number: O0IHQ-D77SF-GI13R
Dataload protocol: UDP
Features: ['S2', 'S2', 'F10', 'S1', 'F7', 'E1']
Episode Start Date: 2022-02-15T10:22:31
Episode End-----
Episode Begin-----
Airplane Tail: NAHPOU
Features: ['S2', 'E4']
Episode Start Date: 2022-02-19T23:23:02
Episode End-----
Episode Begin-----
Airplane Tail: NAHPOU
Features: ['S2', 'E4']
Episode Start Date: 2022-02-21T10:20:38
Episode End-----
Episode Begin-----
Airplane Tail: NAHPOU
Dataload Target: CTI-62
Software Part Number: BYWKL-J3XB7-WFFZ2
Dataload protocol: UDP
Features: ['S2', 'S2', 'S2', 'S2', 'S2', 'S2', 'S2', 'F10', 'S1', 'F7', 'E1']
Episode Start Date: 2022-02-21T23:51:20
Episode End-----
Episode Begin-----
Airplane Tail: NAHPOU
Features: ['S2', 'S2', 'E4']
Episode Start Date: 2022-02-24T23:34:23
Episode End-----
Episode Begin-----
Airplane Tail: NAHPOU
Features: ['F10', 'E4']
Episode Start Date: 2022-02-24T23:52:18
Episode End-----
Episode Begin-----
Airplane Tail: NAHPOU
Dataload Target: DZB-88
Software Part Number: HVLWA-MX6W7-PV5TB
Dataload protocol: AFDX
Features: ['E5']
Episode Start Date: 2022-02-25T00:04:31
Episode End-----
Episode Begin-----
Airplane Tail: NAHPOU
Dataload Target: DZB-88
Software Part Number: HVLWA-MX6W7-PV5TB
Dataload protocol: UDP
Features: ['S2', 'S2', 'F10', 'E5']
Episode Start Date: 2022-02-25T00:14:23
Episode End-----
Episode Begin-----
Airplane Tail: NAHPOU
Dataload Target: CTI-62
Software Part Number: VC5JC-MNO33-6VD6E
Dataload protocol: TCP
Features: ['S1', 'F7', 'E1']
Episode Start Date: 2022-02-25T02:16:11
Episode End-----
Episode Begin-----
Airplane Tail: NAHPOU
Features: ['S2', 'S2', 'S2', 'S2', 'S2', 'S2', 'S2', 'S2', 'S2', 'E4']
Episode Start Date: 2022-03-02T23:37:41
Episode End-----
Episode Begin-----
Airplane Tail: NAHPOU
Dataload Target: CTI-62
Software Part Number: 6KVAA-6S5VK-SZOH3
Dataload protocol: UDP
Features: ['S1', 'F7', 'E1']
Episode Start Date: 2022-03-03T00:05:37
Episode End-----
Episode Begin-----
Airplane Tail: NAHPOU
Features: ['S2', 'E4']
Episode Start Date: 2022-03-03T00:16:42
Episode End-----
Episode Begin-----
Airplane Tail: NAHPOU
Dataload Target: CTI-62
Software Part Number: LWAJY-7EJI0-3O1EO
Dataload protocol: AFDX
Features: ['S2', 'S1', 'F7', 'E1']
Episode Start Date: 2022-03-03T00:34:50
Episode End-----
Episode Begin-----
Airplane Tail: NAHPOU
Features: ['S2', 'S2', 'E4']
Episode Start Date: 2022-03-05T08:03:36
Episode End-----
Episode Begin-----
Airplane Tail: NAHPOU
Dataload Target: FNQ-26
Software Part Number: RM3UQ-SMJ20-KXF3F
Dataload protocol: UDP
Features: ['E1']
Episode Start Date: 2022-03-10T00:05:22
Episode End-----
Episode Begin-----
Airplane Tail: NAHPOU
Dataload Target: FNQ-26
Software Part Number: RM3UQ-SMJ20-KXF3F
Dataload protocol: TCP
Features: ['S2', 'S2', 'S2', 'F10', 'E1']
Episode Start Date: 2022-03-10T00:23:35
Episode End-----
Episode Begin-----
Airplane Tail: NAHPOU
Dataload Target: FNQ-26
Software Part Number: RM3UQ-SMJ20-KXF3F
Dataload protocol: AFDX
Features: ['S2', 'E1']
Episode Start Date: 2022-03-10T00:38:34
Episode End-----
Episode Begin-----
Airplane Tail: NAHPOU
Features: ['S2', 'E4']
Episode Start Date: 2022-03-10T00:46:23
Episode End-----
Episode Begin-----
Airplane Tail: NAHPOU
Dataload Target: FNQ-26
Software Part Number: RM3UQ-SMJ20-KXF3F
Dataload protocol: UDP
Features: ['E1']
Episode Start Date: 2022-03-10T01:21:09
Episode End-----
Episode Begin-----
Airplane Tail: NAHPOU
Dataload Target: FNQ-26
Software Part Number: BQUW5-PA261-COIGE
Dataload protocol: TCP
Features: ['S2', 'S2', 'F10', 'E1']
Episode Start Date: 2022-03-13T22:38:04
Episode End-----
Episode Begin-----
Airplane Tail: NAHPOU
Features: ['S2', 'F10', 'S2', 'E4']
Episode Start Date: 2022-03-13T22:46:54
Episode End-----
Episode Begin-----
Airplane Tail: NAHPOU
Features: ['S2', 'E4']
Episode Start Date: 2022-03-30T19:00:59
Episode End-----
Episode Begin-----
Airplane Tail: NAHPOU
Dataload Target: DZB-88
Software Part Number: PMQJK-P33XR-I4GAQ
Dataload protocol: UDP
Features: ['E1']
Episode Start Date: 2022-04-19T00:36:40
Episode End-----
Episode Begin-----
Airplane Tail: NAHPOU
Features: ['S2', 'F10', 'E4']
Episode Start Date: 2022-04-19T10:45:45
Episode End-----
Episode Begin-----
Airplane Tail: NAHPOU
Dataload Target: DZB-88
Software Part Number: PBVF6-QL287-Z0X7D
Dataload protocol: UDP
Features: ['E1']
Episode Start Date: 2022-04-19T11:17:07
Episode End-----
Episode Begin-----
Airplane Tail: NAHPOU
Features: ['S2', 'E4']
Episode Start Date: 2022-05-04T20:49:57
Episode End-----
Episode Begin-----
Airplane Tail: NAHPOU
Features: ['S2', 'S2', 'E4']
Episode Start Date: 2022-05-08T11:25:10
Episode End-----
Episode Begin-----
Airplane Tail: NAHPOU
Dataload Target: CYP-01
Software Part Number: EFGDJ-KRA3C-P220R
Dataload protocol: AFDX
Features: ['S2', 'S2', 'S2', 'S2', 'S2', 'F10', 'F9', 'E2']
Episode Start Date: 2022-05-08T11:42:33
Episode End-----
Episode Begin-----
Airplane Tail: NAHPOU
Dataload Target: CYP-01
Software Part Number: CKSOP-5WYM6-OCY5Q
Dataload protocol: UDP
Features: ['F10', 'S2', 'F10', 'F9', 'E2']
Episode Start Date: 2022-05-08T11:52:35
Episode End-----
Episode Begin-----
Airplane Tail: NAHPOU
Dataload Target: CYP-01
Software Part Number: BQ9P7-B81T5-WTPBU
Dataload protocol: UDP
Features: ['S2', 'F10', 'F9', 'E2']
Episode Start Date: 2022-05-08T11:53:33
Episode End-----
Episode Begin-----
Airplane Tail: NAHPOU
Dataload Target: CYP-01
Software Part Number: BQ9P7-B81T5-WTPBU
Dataload protocol: AFDX
Features: ['F10', 'F9', 'E2']
Episode Start Date: 2022-05-08T11:54:17
Episode End-----
Episode Begin-----
Airplane Tail: NAHPOU
Dataload Target: CYP-01
Software Part Number: EFGDJ-KRA3C-P220R
Dataload protocol: TCP
Features: ['S2', 'F10', 'E2']
Episode Start Date: 2022-05-08T11:55:16
Episode End-----
Episode Begin-----
Airplane Tail: NAHPOU
Dataload Target: JYM-71
Software Part Number: 03C0K-E2FOQ-TQ72J
Dataload protocol: TCP
Features: ['S2', 'F10', 'E1']
Episode Start Date: 2022-05-09T04:56:01
Episode End-----
Episode Begin-----
Airplane Tail: NAHPOU
Dataload Target: JYM-71
Software Part Number: LNLKA-L6QA2-D9SGK
Dataload protocol: AFDX
Features: ['F10', 'S2', 'S2', 'F10', 'E1']
Episode Start Date: 2022-05-09T04:58:42
Episode End-----
Episode Begin-----
Airplane Tail: NAHPOU
Dataload Target: JYM-71
Software Part Number: 0DH9P-INONW-83IQY
Dataload protocol: AFDX
Features: ['F10', 'S2', 'S2', 'F10', 'E1']
Episode Start Date: 2022-05-09T05:01:36
Episode End-----
Episode Begin-----
Airplane Tail: NAHPOU
Dataload Target: CYP-01
Software Part Number: N9UW4-I9V7P-KVEH1
Dataload protocol: AFDX
Features: ['F10', 'S2', 'S2', 'F10', 'E1']
Episode Start Date: 2022-05-09T05:05:17
Episode End-----
Episode Begin-----
Airplane Tail: NAHPOU
Dataload Target: CYP-01
Software Part Number: JOFF7-GMPSD-IPGDT
Dataload protocol: TCP
Features: ['F10', 'S2', 'F10', 'E1']
Episode Start Date: 2022-05-09T05:08:04
Episode End-----
Episode Begin-----
Airplane Tail: NAHPOU
Dataload Target: CYP-01
Software Part Number: HDQII-R0O4O-IAWVE
Dataload protocol: UDP
Features: ['S2', 'F10', 'F10', 'E1']
Episode Start Date: 2022-05-09T05:09:20
Episode End-----
Episode Begin-----
Airplane Tail: NAHPOU
Dataload Target: CYP-01
Software Part Number: NI192-E5X2R-UC2D6
Dataload protocol: TCP
Features: ['F10', 'S2', 'F10', 'E1']
Episode Start Date: 2022-05-09T05:11:55
Episode End-----
Episode Begin-----
Airplane Tail: NAHPOU
Dataload Target: CYP-01
Software Part Number: BQ9P7-B81T5-WTPBU
Dataload protocol: TCP
Features: ['F10', 'S2', 'F10', 'E1']
Episode Start Date: 2022-05-09T05:13:46
Episode End-----
Episode Begin-----
Airplane Tail: NAHPOU
Dataload Target: CYP-01
Software Part Number: CKSOP-5WYM6-OCY5Q
Dataload protocol: TCP
Features: ['F10', 'S2', 'F10', 'E1']
Episode Start Date: 2022-05-09T05:15:08
Episode End-----
Episode Begin-----
Airplane Tail: NAHPOU
Features: ['F10', 'S2', 'E4']
Episode Start Date: 2022-05-09T05:18:51
Episode End-----
Episode Begin-----
Airplane Tail: NAHPOU
Features: ['S2', 'F10', 'E4']
Episode Start Date: 2022-05-18T18:46:02
Episode End-----
Episode Begin-----
Airplane Tail: NAHPOU
Dataload Target: DZB-88
Software Part Number: 50DNC-9OQBL-K84TM
Dataload protocol: UDP
Features: ['E1']
Episode Start Date: 2022-05-18T19:19:31
Episode End-----
Episode Begin-----
Airplane Tail: NAHPOU
Features: ['S2', 'E4']
Episode Start Date: 2022-06-08T05:47:17
Episode End-----
Episode Begin-----
Airplane Tail: NAHPOU
Features: ['S2', 'S2', 'S2', 'F10', 'E4']
Episode Start Date: 2022-06-14T03:02:47
Episode End-----
Episode Begin-----
Airplane Tail: NAHPOU
Dataload Target: DZB-88
Software Part Number: KUAKD-5B263-0EYTA
Dataload protocol: AFDX
Features: ['E1']
Episode Start Date: 2022-06-14T03:34:24
Episode End-----
Episode Begin-----
Airplane Tail: NAHPOU
Features: ['F10', 'S2', 'E4']
Episode Start Date: 2022-06-14T03:36:29
Episode End-----
Episode Begin-----
Airplane Tail: NAHPOU
Features: ['S2', 'F10', 'S2', 'E4']
Episode Start Date: 2022-06-14T04:39:03
Episode End-----
Episode Begin-----
Airplane Tail: NAHPOU
Features: ['S2', 'S2', 'E4']
Episode Start Date: 2022-07-19T06:08:34
Episode End-----
Episode Begin-----
Airplane Tail: NAHPOU
Features: ['S2', 'E4']
Episode Start Date: 2022-07-21T02:40:12
Episode End-----
Episode Begin-----
Airplane Tail: NAHPOU
Dataload Target: MRQ-36
Software Part Number: 01NC1-VDOR5-LR7QS
Dataload protocol: TCP
Features: ['S2', 'F10', 'F4', 'F3', 'E1']
Episode Start Date: 2022-07-22T02:26:03
Episode End-----
Episode Begin-----
Airplane Tail: NAHPOU
Dataload Target: VMF-43
Software Part Number: 01NC1-VDOR5-LR7QS
Dataload protocol: UDP
Features: ['S2', 'F10', 'F4', 'F3', 'E1']
Episode Start Date: 2022-07-22T02:31:30
Episode End-----
Episode Begin-----
Airplane Tail: NAHPOU
Dataload Target: MRQ-36
Software Part Number: WK6PO-1K9OH-F0A0H
Dataload protocol: TCP
Features: ['S2', 'F10', 'F4', 'F3', 'E1']
Episode Start Date: 2022-07-22T02:33:34
Episode End-----
Episode Begin-----
Airplane Tail: NAHPOU
Dataload Target: VMF-43
Software Part Number: WK6PO-1K9OH-F0A0H
Dataload protocol: TCP
Features: ['S2', 'F10', 'F4', 'F3', 'E1']
Episode Start Date: 2022-07-22T02:34:42
Episode End-----
Episode Begin-----
Airplane Tail: NAHPOU
Dataload Target: CTI-62
Software Part Number: GXZMK-I7HBA-TY2DC
Dataload protocol: AFDX
Features: ['S2', 'F10', 'S1', 'F7', 'E1']
Episode Start Date: 2022-07-22T02:35:47
Episode End-----
Episode Begin-----
Airplane Tail: NAHPOU
Dataload Target: GDQ-20
Software Part Number: 01NC1-VDOR5-LR7QS
Dataload protocol: AFDX
Features: ['S2', 'F10', 'F4', 'E2']
Episode Start Date: 2022-07-22T02:48:09
Episode End-----
Episode Begin-----
Airplane Tail: NAHPOU
Features: ['F10', 'F5', 'S2', 'S2', 'E4']
Episode Start Date: 2022-07-22T02:48:45
Episode End-----
Episode Begin-----
Airplane Tail: NAHPOU
Dataload Target: GDQ-20
Software Part Number: 01NC1-VDOR5-LR7QS
Dataload protocol: UDP
Features: ['S2', 'F10', 'F4', 'F3', 'E1']
Episode Start Date: 2022-07-22T03:53:19
Episode End-----
Episode Begin-----
Airplane Tail: NAHPOU
Dataload Target: YIX-90
Software Part Number: 01NC1-VDOR5-LR7QS
Dataload protocol: TCP
Features: ['S2', 'F10', 'F4', 'F3', 'E1']
Episode Start Date: 2022-07-22T03:55:31
Episode End-----
Episode Begin-----
Airplane Tail: NAHPOU
Dataload Target: GDQ-20
Software Part Number: WK6PO-1K9OH-F0A0H
Dataload protocol: TCP
Features: ['S2', 'F10', 'F4', 'F3', 'E1']
Episode Start Date: 2022-07-22T03:56:59
Episode End-----
Episode Begin-----
Airplane Tail: NAHPOU
Dataload Target: YIX-90
Software Part Number: WK6PO-1K9OH-F0A0H
Dataload protocol: UDP
Features: ['S2', 'F10', 'F4', 'F3', 'E1']
Episode Start Date: 2022-07-22T03:57:51
Episode End-----
Episode Begin-----
Airplane Tail: NAHPOU
Features: ['F10', 'E4']
Episode Start Date: 2022-07-22T03:58:31
Episode End-----
Episode Begin-----
Airplane Tail: NAHPOU
Features: ['F10', 'S2', 'E4']
Episode Start Date: 2022-07-22T04:47:03
Episode End-----
Episode Begin-----
Airplane Tail: NAHPOU
Features: ['S2', 'E4']
Episode Start Date: 2022-07-22T05:20:44
Episode End-----
Episode Begin-----
Airplane Tail: NAHPOU
Dataload Target: DZB-88
Software Part Number: BIHID-8KQF9-1A951
Dataload protocol: UDP
Features: ['E3']
Episode Start Date: 2022-03-31T04:35:37
Episode End-----
Episode Begin-----
Airplane Tail: NAHPOU
Features: ['F10', 'E4']
Episode Start Date: 2022-03-31T04:35:39
Episode End-----
Episode Begin-----
Airplane Tail: NAHPOU
Dataload Target: DZB-88
Software Part Number: BIHID-8KQF9-1A951
Dataload protocol: UDP
Features: ['E1']
Episode Start Date: 2022-03-31T05:06:33
Episode End-----
Episode Begin-----
Airplane Tail: NAHPOU
Dataload Target: CTI-62
Software Part Number: CXZSW-YLZ8Z-QIQ4V
Dataload protocol: AFDX
Features: ['S2', 'F10', 'S1', 'F7', 'F8', 'E1']
Episode Start Date: 2022-03-31T05:07:58
Episode End-----
Episode Begin-----
Airplane Tail: NAHPOU
Dataload Target: FNQ-26
Software Part Number: BQUW5-PA261-COIGE
Dataload protocol: UDP
Features: ['S2', 'F10', 'E1']
Episode Start Date: 2022-03-31T05:19:11
Episode End-----
Episode Begin-----
Airplane Tail: NAHPOU
Features: ['F10', 'E4']
Episode Start Date: 2022-03-31T05:25:13
Episode End-----
Episode Begin-----
Airplane Tail: NAHPOU
Features: ['S2', 'E4']
Episode Start Date: 2022-04-04T01:42:50
Episode End-----
Episode Begin-----
Airplane Tail: NAHPOU
Features: ['S2', 'E4']
Episode Start Date: 2022-04-26T20:47:51
Episode End-----
Episode Begin-----
Airplane Tail: NAHPOU
Features: ['S2', 'E4']
Episode Start Date: 2022-04-26T22:24:22
Episode End-----
Episode Begin-----
Airplane Tail: NAHPOU
Features: ['S2', 'E4']
Episode Start Date: 2022-04-27T00:45:20
Episode End-----
Episode Begin-----
Airplane Tail: NAHPOU
Features: ['S2', 'E4']
Episode Start Date: 2022-06-12T05:39:19
Episode End-----
Episode Begin-----
Airplane Tail: NDVDCX
Features: ['S2', 'F10', 'E4']
Episode Start Date: 2022-01-27T18:49:03
Episode End-----
Episode Begin-----
Airplane Tail: NDVDCX
Dataload Target: DZB-88
Software Part Number: I350O-7ZAEJ-OTCU2
Dataload protocol: UDP
Features: ['E1']
Episode Start Date: 2022-01-27T19:54:48
Episode End-----
Episode Begin-----
Airplane Tail: NGHHCH
Features: ['S2', 'S2', 'E4']
Episode Start Date: 2022-02-09T07:43:39
Episode End-----
Episode Begin-----
Airplane Tail: NGHHCH
Features: ['S2', 'E4']
Episode Start Date: 2022-02-09T08:09:58
Episode End-----
Episode Begin-----
Airplane Tail: NGHHCH
Dataload Target: CTI-62
Software Part Number: KGZUX-DQKQV-CYB4U
Dataload protocol: TCP
Features: ['S2', 'S1', 'F7', 'E1']
Episode Start Date: 2022-09-19T19:01:00
Episode End-----
Episode Begin-----
Airplane Tail: NGHHCH
Dataload Target: QBH-26
Software Part Number: 7JSPN-BBQFW-0STX3
Dataload protocol: UDP
Features: ['F2', 'F1', 'E1']
Episode Start Date: 2022-09-19T19:24:21
Episode End-----
Episode Begin-----
Airplane Tail: NGHHCH
Dataload Target: QZW-95
Software Part Number: 7JSPN-BBQFW-0STX3
Dataload protocol: AFDX
Features: ['E1']
Episode Start Date: 2022-09-19T19:28:32
Episode End-----
